C:\Users\harsh\source\repos\Oyo_Life\OyoLife\OyoLife-master\client-app\dist\out-tsc\e2e\src\app.po.js
C:\Users\harsh\source\repos\Oyo_Life\OyoLife\OyoLife-master\client-app\dist\out-tsc\e2e\src\app.po.js.map
C:\Users\harsh\source\repos\Oyo_Life\OyoLife\OyoLife-master\client-app\dist\out-tsc\e2e\src\app.e2e-spec.js
C:\Users\harsh\source\repos\Oyo_Life\OyoLife\OyoLife-master\client-app\dist\out-tsc\e2e\src\app.e2e-spec.js.map
C:\Users\harsh\source\repos\Oyo_Life\OyoLife\OyoLife-master\client-app\dist\out-tsc\src\app\app.component.js
C:\Users\harsh\source\repos\Oyo_Life\OyoLife\OyoLife-master\client-app\dist\out-tsc\src\app\app.component.js.map
C:\Users\harsh\source\repos\Oyo_Life\OyoLife\OyoLife-master\client-app\dist\out-tsc\src\app\core\navbar\navbar.component.js
C:\Users\harsh\source\repos\Oyo_Life\OyoLife\OyoLife-master\client-app\dist\out-tsc\src\app\core\navbar\navbar.component.js.map
C:\Users\harsh\source\repos\Oyo_Life\OyoLife\OyoLife-master\client-app\dist\out-tsc\src\app\sidenav\sidenav.component.js
C:\Users\harsh\source\repos\Oyo_Life\OyoLife\OyoLife-master\client-app\dist\out-tsc\src\app\sidenav\sidenav.component.js.map
C:\Users\harsh\source\repos\Oyo_Life\OyoLife\OyoLife-master\client-app\dist\out-tsc\src\app\pg\pg.service.js
C:\Users\harsh\source\repos\Oyo_Life\OyoLife\OyoLife-master\client-app\dist\out-tsc\src\app\pg\pg.service.js.map
C:\Users\harsh\source\repos\Oyo_Life\OyoLife\OyoLife-master\client-app\dist\out-tsc\src\app\pg\pg-list\pg-list.component.js
C:\Users\harsh\source\repos\Oyo_Life\OyoLife\OyoLife-master\client-app\dist\out-tsc\src\app\pg\pg-list\pg-list.component.js.map
C:\Users\harsh\source\repos\Oyo_Life\OyoLife\OyoLife-master\client-app\dist\out-tsc\src\app\core\home\home.component.js
C:\Users\harsh\source\repos\Oyo_Life\OyoLife\OyoLife-master\client-app\dist\out-tsc\src\app\core\home\home.component.js.map
C:\Users\harsh\source\repos\Oyo_Life\OyoLife\OyoLife-master\client-app\dist\out-tsc\src\app\auth\signin\signin.component.js
C:\Users\harsh\source\repos\Oyo_Life\OyoLife\OyoLife-master\client-app\dist\out-tsc\src\app\auth\signin\signin.component.js.map
C:\Users\harsh\source\repos\Oyo_Life\OyoLife\OyoLife-master\client-app\dist\out-tsc\src\app\auth\signup\signup.component.js
C:\Users\harsh\source\repos\Oyo_Life\OyoLife\OyoLife-master\client-app\dist\out-tsc\src\app\auth\signup\signup.component.js.map
C:\Users\harsh\source\repos\Oyo_Life\OyoLife\OyoLife-master\client-app\dist\out-tsc\src\app\pg\pg-detail\pg-detail.component.js
C:\Users\harsh\source\repos\Oyo_Life\OyoLife\OyoLife-master\client-app\dist\out-tsc\src\app\pg\pg-detail\pg-detail.component.js.map
C:\Users\harsh\source\repos\Oyo_Life\OyoLife\OyoLife-master\client-app\dist\out-tsc\src\app\visit-booking\vist-booking.component.js
C:\Users\harsh\source\repos\Oyo_Life\OyoLife\OyoLife-master\client-app\dist\out-tsc\src\app\visit-booking\vist-booking.component.js.map
C:\Users\harsh\source\repos\Oyo_Life\OyoLife\OyoLife-master\client-app\dist\out-tsc\src\app\app-routing.module.js
C:\Users\harsh\source\repos\Oyo_Life\OyoLife\OyoLife-master\client-app\dist\out-tsc\src\app\app-routing.module.js.map
C:\Users\harsh\source\repos\Oyo_Life\OyoLife\OyoLife-master\client-app\dist\out-tsc\src\app\app.module.js
C:\Users\harsh\source\repos\Oyo_Life\OyoLife\OyoLife-master\client-app\dist\out-tsc\src\app\app.module.js.map
C:\Users\harsh\source\repos\Oyo_Life\OyoLife\OyoLife-master\client-app\dist\out-tsc\src\environments\environment.js
C:\Users\harsh\source\repos\Oyo_Life\OyoLife\OyoLife-master\client-app\dist\out-tsc\src\environments\environment.js.map
C:\Users\harsh\source\repos\Oyo_Life\OyoLife\OyoLife-master\client-app\dist\out-tsc\src\main.js
C:\Users\harsh\source\repos\Oyo_Life\OyoLife\OyoLife-master\client-app\dist\out-tsc\src\main.js.map
C:\Users\harsh\source\repos\Oyo_Life\OyoLife\OyoLife-master\client-app\dist\out-tsc\src\polyfills.js
C:\Users\harsh\source\repos\Oyo_Life\OyoLife\OyoLife-master\client-app\dist\out-tsc\src\polyfills.js.map
C:\Users\harsh\source\repos\Oyo_Life\OyoLife\OyoLife-master\client-app\dist\out-tsc\src\test.js
C:\Users\harsh\source\repos\Oyo_Life\OyoLife\OyoLife-master\client-app\dist\out-tsc\src\test.js.map
C:\Users\harsh\source\repos\Oyo_Life\OyoLife\OyoLife-master\client-app\dist\out-tsc\src\app\app.component.spec.js
C:\Users\harsh\source\repos\Oyo_Life\OyoLife\OyoLife-master\client-app\dist\out-tsc\src\app\app.component.spec.js.map
C:\Users\harsh\source\repos\Oyo_Life\OyoLife\OyoLife-master\client-app\dist\out-tsc\src\environments\environment.prod.js
C:\Users\harsh\source\repos\Oyo_Life\OyoLife\OyoLife-master\client-app\dist\out-tsc\src\environments\environment.prod.js.map
